# JRE version: OpenJDK Runtime Environment Temurin-21.0.8+9 (21.0.8+9) (build 21.0.8+9-LTS)
# Java VM: OpenJDK 64-Bit Server VM Temurin-21.0.8+9 (21.0.8+9-LTS, mixed mode, sharing, tiered, compressed oops, compressed class ptrs, parallel gc, windows-amd64)
GC Precious Log:
 CardTable entry size: 512
 CPUs: 4 total, 4 available
 Memory: 12154M
 Large Page Support: Disabled
 NUMA Support: Disabled
 Compressed Oops: Enabled (32-bit)
 Alignments: Space 512K, Generation 512K, Heap 2M
 Heap Min Capacity: 100M
 Heap Initial Capacity: 100M
 Heap Max Capacity: 2G
 Pre-touch: Disabled
 Parallel Workers: 4
Heap:
 PSYoungGen      total 13312K, used 7982K [0x00000000d5580000, 0x00000000d6b00000, 0x0000000100000000)
  eden space 7680K, 31% used [0x00000000d5580000,0x00000000d57d3b48,0x00000000d5d00000)
  from space 5632K, 99% used [0x00000000d5e80000,0x00000000d63f8020,0x00000000d6400000)
  to   space 7168K, 24% used [0x00000000d6400000,0x00000000d65b1a20,0x00000000d6b00000)
 ParOldGen       total 1398272K, used 1398264K [0x0000000080000000, 0x00000000d5580000, 0x00000000d5580000)
  object space 1398272K, 99% used [0x0000000080000000,0x00000000d557e338,0x00000000d5580000)
 Metaspace       used 103361K, committed 105088K, reserved 1179648K
  class space    used 10199K, committed 11008K, reserved 1048576K
GC Heap History (20 events):
Event: 94882.340 GC heap after
{Heap after GC invocations=8717 (full 16):
 PSYoungGen      total 8704K, used 868K [0x00000000d5580000, 0x00000000d6180000, 0x0000000100000000)
  eden space 7680K, 0% used [0x00000000d5580000,0x00000000d5580000,0x00000000d5d00000)
  from space 1024K, 84% used [0x00000000d6000000,0x00000000d60d9210,0x00000000d6100000)
  to   space 512K, 0% used [0x00000000d6100000,0x00000000d6100000,0x00000000d6180000)
 ParOldGen       total 1366528K, used 1366201K [0x0000000080000000, 0x00000000d3680000, 0x00000000d5580000)
  object space 1366528K, 99% used [0x0000000080000000,0x00000000d362e680,0x00000000d3680000)
 Metaspace       used 103277K, committed 105024K, reserved 1179648K
  class space    used 10191K, committed 11008K, reserved 1048576K
}
Event: 94882.487 GC heap before
{Heap before GC invocations=8718 (full 16):
 PSYoungGen      total 8704K, used 8548K [0x00000000d5580000, 0x00000000d6180000, 0x0000000100000000)
  eden space 7680K, 100% used [0x00000000d5580000,0x00000000d5d00000,0x00000000d5d00000)
  from space 1024K, 84% used [0x00000000d6000000,0x00000000d60d9210,0x00000000d6100000)
  to   space 512K, 0% used [0x00000000d6100000,0x00000000d6100000,0x00000000d6180000)
 ParOldGen       total 1366528K, used 1366201K [0x0000000080000000, 0x00000000d3680000, 0x00000000d5580000)
  object space 1366528K, 99% used [0x0000000080000000,0x00000000d362e680,0x00000000d3680000)
 Metaspace       used 103353K, committed 105088K, reserved 1179648K
  class space    used 10199K, committed 11008K, reserved 1048576K
}
Event: 94882.493 GC heap after
{Heap after GC invocations=8718 (full 16):
 PSYoungGen      total 8192K, used 512K [0x00000000d5580000, 0x00000000d6180000, 0x0000000100000000)
  eden space 7680K, 0% used [0x00000000d5580000,0x00000000d5580000,0x00000000d5d00000)
  from space 512K, 100% used [0x00000000d6100000,0x00000000d6180000,0x00000000d6180000)
  to   space 1536K, 0% used [0x00000000d5e80000,0x00000000d5e80000,0x00000000d6000000)
 ParOldGen       total 1367552K, used 1367073K [0x0000000080000000, 0x00000000d3780000, 0x00000000d5580000)
  object space 1367552K, 99% used [0x0000000080000000,0x00000000d37087c8,0x00000000d3780000)
 Metaspace       used 103353K, committed 105088K, reserved 1179648K
  class space    used 10199K, committed 11008K, reserved 1048576K
}
Event: 94882.525 GC heap before
{Heap before GC invocations=8719 (full 16):
 PSYoungGen      total 8192K, used 8192K [0x00000000d5580000, 0x00000000d6180000, 0x0000000100000000)
  eden space 7680K, 100% used [0x00000000d5580000,0x00000000d5d00000,0x00000000d5d00000)
  from space 512K, 100% used [0x00000000d6100000,0x00000000d6180000,0x00000000d6180000)
  to   space 1536K, 0% used [0x00000000d5e80000,0x00000000d5e80000,0x00000000d6000000)
 ParOldGen       total 1367552K, used 1367073K [0x0000000080000000, 0x00000000d3780000, 0x00000000d5580000)
  object space 1367552K, 99% used [0x0000000080000000,0x00000000d37087c8,0x00000000d3780000)
 Metaspace       used 103353K, committed 105088K, reserved 1179648K
  class space    used 10199K, committed 11008K, reserved 1048576K
}
Event: 94882.530 GC heap after
{Heap after GC invocations=8719 (full 16):
 PSYoungGen      total 9216K, used 650K [0x00000000d5580000, 0x00000000d6180000, 0x0000000100000000)
  eden space 7680K, 0% used [0x00000000d5580000,0x00000000d5580000,0x00000000d5d00000)
  from space 1536K, 42% used [0x00000000d5e80000,0x00000000d5f22910,0x00000000d6000000)
  to   space 1024K, 0% used [0x00000000d6080000,0x00000000d6080000,0x00000000d6180000)
 ParOldGen       total 1368064K, used 1367581K [0x0000000080000000, 0x00000000d3800000, 0x00000000d5580000)
  object space 1368064K, 99% used [0x0000000080000000,0x00000000d37877d8,0x00000000d3800000)
 Metaspace       used 103353K, committed 105088K, reserved 1179648K
  class space    used 10199K, committed 11008K, reserved 1048576K
}
Event: 94882.669 GC heap before
{Heap before GC invocations=8720 (full 16):
 PSYoungGen      total 9216K, used 8330K [0x00000000d5580000, 0x00000000d6180000, 0x0000000100000000)
  eden space 7680K, 100% used [0x00000000d5580000,0x00000000d5d00000,0x00000000d5d00000)
  from space 1536K, 42% used [0x00000000d5e80000,0x00000000d5f22910,0x00000000d6000000)
  to   space 1024K, 0% used [0x00000000d6080000,0x00000000d6080000,0x00000000d6180000)
 ParOldGen       total 1368064K, used 1367581K [0x0000000080000000, 0x00000000d3800000, 0x00000000d5580000)
  object space 1368064K, 99% used [0x0000000080000000,0x00000000d37877d8,0x00000000d3800000)
 Metaspace       used 103353K, committed 105088K, reserved 1179648K
  class space    used 10199K, committed 11008K, reserved 1048576K
}
Event: 94882.672 GC heap after
{Heap after GC invocations=8720 (full 16):
 PSYoungGen      total 8704K, used 660K [0x00000000d5580000, 0x00000000d6180000, 0x0000000100000000)
  eden space 7680K, 0% used [0x00000000d5580000,0x00000000d5580000,0x00000000d5d00000)
  from space 1024K, 64% used [0x00000000d6080000,0x00000000d6125200,0x00000000d6180000)
  to   space 1024K, 0% used [0x00000000d5f80000,0x00000000d5f80000,0x00000000d6080000)
 ParOldGen       total 1368064K, used 1367597K [0x0000000080000000, 0x00000000d3800000, 0x00000000d5580000)
  object space 1368064K, 99% used [0x0000000080000000,0x00000000d378b7d8,0x00000000d3800000)
 Metaspace       used 103353K, committed 105088K, reserved 1179648K
  class space    used 10199K, committed 11008K, reserved 1048576K
}
Event: 94882.701 GC heap before
{Heap before GC invocations=8721 (full 16):
 PSYoungGen      total 8704K, used 8340K [0x00000000d5580000, 0x00000000d6180000, 0x0000000100000000)
  eden space 7680K, 100% used [0x00000000d5580000,0x00000000d5d00000,0x00000000d5d00000)
  from space 1024K, 64% used [0x00000000d6080000,0x00000000d6125200,0x00000000d6180000)
  to   space 1024K, 0% used [0x00000000d5f80000,0x00000000d5f80000,0x00000000d6080000)
 ParOldGen       total 1368064K, used 1367597K [0x0000000080000000, 0x00000000d3800000, 0x00000000d5580000)
  object space 1368064K, 99% used [0x0000000080000000,0x00000000d378b7d8,0x00000000d3800000)
 Metaspace       used 103353K, committed 105088K, reserved 1179648K
  class space    used 10199K, committed 11008K, reserved 1048576K
}
Event: 94882.705 GC heap after
{Heap after GC invocations=8721 (full 16):
 PSYoungGen      total 8704K, used 586K [0x00000000d5580000, 0x00000000d6100000, 0x0000000100000000)
  eden space 7680K, 0% used [0x00000000d5580000,0x00000000d5580000,0x00000000d5d00000)
  from space 1024K, 57% used [0x00000000d5f80000,0x00000000d6012910,0x00000000d6080000)
  to   space 512K, 0% used [0x00000000d6080000,0x00000000d6080000,0x00000000d6100000)
 ParOldGen       total 1368064K, used 1367669K [0x0000000080000000, 0x00000000d3800000, 0x00000000d5580000)
  object space 1368064K, 99% used [0x0000000080000000,0x00000000d379d7d8,0x00000000d3800000)
 Metaspace       used 103353K, committed 105088K, reserved 1179648K
  class space    used 10199K, committed 11008K, reserved 1048576K
}
Event: 94883.580 GC heap before
{Heap before GC invocations=8722 (full 16):
 PSYoungGen      total 8704K, used 8261K [0x00000000d5580000, 0x00000000d6100000, 0x0000000100000000)
  eden space 7680K, 99% used [0x00000000d5580000,0x00000000d5cfeb68,0x00000000d5d00000)
  from space 1024K, 57% used [0x00000000d5f80000,0x00000000d6012910,0x00000000d6080000)
  to   space 512K, 0% used [0x00000000d6080000,0x00000000d6080000,0x00000000d6100000)
 ParOldGen       total 1368064K, used 1367669K [0x0000000080000000, 0x00000000d3800000, 0x00000000d5580000)
  object space 1368064K, 99% used [0x0000000080000000,0x00000000d379d7d8,0x00000000d3800000)
 Metaspace       used 103359K, committed 105088K, reserved 1179648K
  class space    used 10199K, committed 11008K, reserved 1048576K
}
Event: 94883.586 GC heap after
{Heap after GC invocations=8722 (full 16):
 PSYoungGen      total 8192K, used 512K [0x00000000d5580000, 0x00000000d6100000, 0x0000000100000000)
  eden space 7680K, 0% used [0x00000000d5580000,0x00000000d5580000,0x00000000d5d00000)
  from space 512K, 100% used [0x00000000d6080000,0x00000000d6100000,0x00000000d6100000)
  to   space 1024K, 0% used [0x00000000d5f00000,0x00000000d5f00000,0x00000000d6000000)
 ParOldGen       total 1369088K, used 1368857K [0x0000000080000000, 0x00000000d3900000, 0x00000000d5580000)
  object space 1369088K, 99% used [0x0000000080000000,0x00000000d38c6638,0x00000000d3900000)
 Metaspace       used 103359K, committed 105088K, reserved 1179648K
  class space    used 10199K, committed 11008K, reserved 1048576K
}
Event: 94883.622 GC heap before
{Heap before GC invocations=8723 (full 16):
 PSYoungGen      total 8192K, used 8192K [0x00000000d5580000, 0x00000000d6100000, 0x0000000100000000)
  eden space 7680K, 100% used [0x00000000d5580000,0x00000000d5d00000,0x00000000d5d00000)
  from space 512K, 100% used [0x00000000d6080000,0x00000000d6100000,0x00000000d6100000)
  to   space 1024K, 0% used [0x00000000d5f00000,0x00000000d5f00000,0x00000000d6000000)
 ParOldGen       total 1369088K, used 1368857K [0x0000000080000000, 0x00000000d3900000, 0x00000000d5580000)
  object space 1369088K, 99% used [0x0000000080000000,0x00000000d38c6638,0x00000000d3900000)
 Metaspace       used 103359K, committed 105088K, reserved 1179648K
  class space    used 10199K, committed 11008K, reserved 1048576K
}
Event: 94883.633 GC heap after
{Heap after GC invocations=8723 (full 16):
 PSYoungGen      total 8704K, used 1024K [0x00000000d5580000, 0x00000000d6d00000, 0x0000000100000000)
  eden space 7680K, 0% used [0x00000000d5580000,0x00000000d5580000,0x00000000d5d00000)
  from space 1024K, 100% used [0x00000000d5f00000,0x00000000d6000000,0x00000000d6000000)
  to   space 8192K, 0% used [0x00000000d6500000,0x00000000d6500000,0x00000000d6d00000)
 ParOldGen       total 1375232K, used 1374856K [0x0000000080000000, 0x00000000d3f00000, 0x00000000d5580000)
  object space 1375232K, 99% used [0x0000000080000000,0x00000000d3ea2318,0x00000000d3f00000)
 Metaspace       used 103359K, committed 105088K, reserved 1179648K
  class space    used 10199K, committed 11008K, reserved 1048576K
}
Event: 94883.750 GC heap before
{Heap before GC invocations=8724 (full 16):
 PSYoungGen      total 8704K, used 8704K [0x00000000d5580000, 0x00000000d6d00000, 0x0000000100000000)
  eden space 7680K, 100% used [0x00000000d5580000,0x00000000d5d00000,0x00000000d5d00000)
  from space 1024K, 100% used [0x00000000d5f00000,0x00000000d6000000,0x00000000d6000000)
  to   space 8192K, 0% used [0x00000000d6500000,0x00000000d6500000,0x00000000d6d00000)
 ParOldGen       total 1375232K, used 1374856K [0x0000000080000000, 0x00000000d3f00000, 0x00000000d5580000)
  object space 1375232K, 99% used [0x0000000080000000,0x00000000d3ea2318,0x00000000d3f00000)
 Metaspace       used 103359K, committed 105088K, reserved 1179648K
  class space    used 10199K, committed 11008K, reserved 1048576K
}
Event: 94883.756 GC heap after
{Heap after GC invocations=8724 (full 16):
 PSYoungGen      total 12288K, used 4514K [0x00000000d5580000, 0x00000000d6980000, 0x0000000100000000)
  eden space 7680K, 0% used [0x00000000d5580000,0x00000000d5580000,0x00000000d5d00000)
  from space 4608K, 97% used [0x00000000d6500000,0x00000000d6968b40,0x00000000d6980000)
  to   space 5632K, 0% used [0x00000000d5e80000,0x00000000d5e80000,0x00000000d6400000)
 ParOldGen       total 1376256K, used 1375912K [0x0000000080000000, 0x00000000d4000000, 0x00000000d5580000)
  object space 1376256K, 99% used [0x0000000080000000,0x00000000d3faa318,0x00000000d4000000)
 Metaspace       used 103359K, committed 105088K, reserved 1179648K
  class space    used 10199K, committed 11008K, reserved 1048576K
}
Event: 94883.833 GC heap before
{Heap before GC invocations=8725 (full 16):
 PSYoungGen      total 12288K, used 12194K [0x00000000d5580000, 0x00000000d6980000, 0x0000000100000000)
  eden space 7680K, 100% used [0x00000000d5580000,0x00000000d5d00000,0x00000000d5d00000)
  from space 4608K, 97% used [0x00000000d6500000,0x00000000d6968b40,0x00000000d6980000)
  to   space 5632K, 0% used [0x00000000d5e80000,0x00000000d5e80000,0x00000000d6400000)
 ParOldGen       total 1376256K, used 1375912K [0x0000000080000000, 0x00000000d4000000, 0x00000000d5580000)
  object space 1376256K, 99% used [0x0000000080000000,0x00000000d3faa318,0x00000000d4000000)
 Metaspace       used 103360K, committed 105088K, reserved 1179648K
  class space    used 10199K, committed 11008K, reserved 1048576K
}
Event: 94883.841 GC heap after
{Heap after GC invocations=8725 (full 16):
 PSYoungGen      total 13312K, used 5600K [0x00000000d5580000, 0x00000000d6b00000, 0x0000000100000000)
  eden space 7680K, 0% used [0x00000000d5580000,0x00000000d5580000,0x00000000d5d00000)
  from space 5632K, 99% used [0x00000000d5e80000,0x00000000d63f8020,0x00000000d6400000)
  to   space 7168K, 0% used [0x00000000d6400000,0x00000000d6400000,0x00000000d6b00000)
 ParOldGen       total 1377280K, used 1376840K [0x0000000080000000, 0x00000000d4100000, 0x00000000d5580000)
  object space 1377280K, 99% used [0x0000000080000000,0x00000000d4092318,0x00000000d4100000)
 Metaspace       used 103360K, committed 105088K, reserved 1179648K
  class space    used 10199K, committed 11008K, reserved 1048576K
}
Event: 94884.172 GC heap before
{Heap before GC invocations=8726 (full 16):
 PSYoungGen      total 13312K, used 7982K [0x00000000d5580000, 0x00000000d6b00000, 0x0000000100000000)
  eden space 7680K, 31% used [0x00000000d5580000,0x00000000d57d3b48,0x00000000d5d00000)
  from space 5632K, 99% used [0x00000000d5e80000,0x00000000d63f8020,0x00000000d6400000)
  to   space 7168K, 0% used [0x00000000d6400000,0x00000000d6400000,0x00000000d6b00000)
 ParOldGen       total 1398272K, used 1396040K [0x0000000080000000, 0x00000000d5580000, 0x00000000d5580000)
  object space 1398272K, 99% used [0x0000000080000000,0x00000000d5352338,0x00000000d5580000)
 Metaspace       used 103361K, committed 105088K, reserved 1179648K
  class space    used 10199K, committed 11008K, reserved 1048576K
}
Event: 94884.380 GC heap after
{Heap after GC invocations=8726 (full 16):
 PSYoungGen      total 13312K, used 7982K [0x00000000d5580000, 0x00000000d6b00000, 0x0000000100000000)
  eden space 7680K, 31% used [0x00000000d5580000,0x00000000d57d3b48,0x00000000d5d00000)
  from space 5632K, 99% used [0x00000000d5e80000,0x00000000d63f8020,0x00000000d6400000)
  to   space 7168K, 24% used [0x00000000d6400000,0x00000000d65b1a20,0x00000000d6b00000)
 ParOldGen       total 1398272K, used 1398264K [0x0000000080000000, 0x00000000d5580000, 0x00000000d5580000)
  object space 1398272K, 99% used [0x0000000080000000,0x00000000d557e338,0x00000000d5580000)
 Metaspace       used 103361K, committed 105088K, reserved 1179648K
  class space    used 10199K, committed 11008K, reserved 1048576K
}
Event: 94884.393 GC heap before
{Heap before GC invocations=8727 (full 17):
 PSYoungGen      total 13312K, used 7982K [0x00000000d5580000, 0x00000000d6b00000, 0x0000000100000000)
  eden space 7680K, 31% used [0x00000000d5580000,0x00000000d57d3b48,0x00000000d5d00000)
  from space 5632K, 99% used [0x00000000d5e80000,0x00000000d63f8020,0x00000000d6400000)
  to   space 7168K, 24% used [0x00000000d6400000,0x00000000d65b1a20,0x00000000d6b00000)
 ParOldGen       total 1398272K, used 1398264K [0x0000000080000000, 0x00000000d5580000, 0x00000000d5580000)
  object space 1398272K, 99% used [0x0000000080000000,0x00000000d557e338,0x00000000d5580000)
 Metaspace       used 103361K, committed 105088K, reserved 1179648K
  class space    used 10199K, committed 11008K, reserved 1048576K
}

